<?xml version="1.0" encoding="UTF-8"?>
<testsuite name="com.simple.tvbox.source.GenericHtmlParserTest" tests="16" skipped="0" failures="1" errors="0" timestamp="2026-06-30T07:33:57" hostname="ATOM" time="0.128">
  <properties/>
  <testcase name="extractM3u8_fromRealPlay" classname="com.simple.tvbox.source.GenericHtmlParserTest" time="0.053">
    <failure message="java.lang.AssertionError: 搴旇兘鎻愬彇鍒?m3u8锛孒TML length=25716" type="java.lang.AssertionError">java.lang.AssertionError: 搴旇兘鎻愬彇鍒?m3u8锛孒TML length=25716
	at org.junit.Assert.fail(Assert.java:89)
	at org.junit.Assert.assertTrue(Assert.java:42)
	at org.junit.Assert.assertNotNull(Assert.java:713)
	at com.simple.tvbox.source.GenericHtmlParserTest.extractM3u8_fromRealPlay(GenericHtmlParserTest.kt:271)
	at java.base/jdk.internal.reflect.NativeMethodAccessorImpl.invoke0(Native Method)
	at java.base/jdk.internal.reflect.NativeMethodAccessorImpl.invoke(NativeMethodAccessorImpl.java:77)
	at java.base/jdk.internal.reflect.DelegatingMethodAccessorImpl.invoke(DelegatingMethodAccessorImpl.java:43)
	at java.base/java.lang.reflect.Method.invoke(Method.java:568)
	at org.junit.runners.model.FrameworkMethod$1.runReflectiveCall(FrameworkMethod.java:59)
	at org.junit.internal.runners.model.ReflectiveCallable.run(ReflectiveCallable.java:12)
	at org.junit.runners.model.FrameworkMethod.invokeExplosively(FrameworkMethod.java:56)
	at org.junit.internal.runners.statements.InvokeMethod.evaluate(InvokeMethod.java:17)
	at org.junit.runners.ParentRunner$3.evaluate(ParentRunner.java:306)
	at org.junit.runners.BlockJUnit4ClassRunner$1.evaluate(BlockJUnit4ClassRunner.java:100)
	at org.junit.runners.ParentRunner.runLeaf(ParentRunner.java:366)
	at org.junit.runners.BlockJUnit4ClassRunner.runChild(BlockJUnit4ClassRunner.java:103)
	at org.junit.runners.BlockJUnit4ClassRunner.runChild(BlockJUnit4ClassRunner.java:63)
	at org.junit.runners.ParentRunner$4.run(ParentRunner.java:331)
	at org.junit.runners.ParentRunner$1.schedule(ParentRunner.java:79)
	at org.junit.runners.ParentRunner.runChildren(ParentRunner.java:329)
	at org.junit.runners.ParentRunner.access$100(ParentRunner.java:66)
	at org.junit.runners.ParentRunner$2.evaluate(ParentRunner.java:293)
	at org.junit.runners.ParentRunner$3.evaluate(ParentRunner.java:306)
	at org.junit.runners.ParentRunner.run(ParentRunner.java:413)
	at org.gradle.api.internal.tasks.testing.junit.JUnitTestClassExecutor.runTestClass(JUnitTestClassExecutor.java:112)
	at org.gradle.api.internal.tasks.testing.junit.JUnitTestClassExecutor.execute(JUnitTestClassExecutor.java:58)
	at org.gradle.api.internal.tasks.testing.junit.JUnitTestClassExecutor.execute(JUnitTestClassExecutor.java:40)
	at org.gradle.api.internal.tasks.testing.junit.AbstractJUnitTestClassProcessor.processTestClass(AbstractJUnitTestClassProcessor.java:60)
	at org.gradle.api.internal.tasks.testing.SuiteTestClassProcessor.processTestClass(SuiteTestClassProcessor.java:52)
	at java.base/jdk.internal.reflect.NativeMethodAccessorImpl.invoke0(Native Method)
	at java.base/jdk.internal.reflect.NativeMethodAccessorImpl.invoke(NativeMethodAccessorImpl.java:77)
	at java.base/jdk.internal.reflect.DelegatingMethodAccessorImpl.invoke(DelegatingMethodAccessorImpl.java:43)
	at java.base/java.lang.reflect.Method.invoke(Method.java:568)
	at org.gradle.internal.dispatch.ReflectionDispatch.dispatch(ReflectionDispatch.java:36)
	at org.gradle.internal.dispatch.ReflectionDispatch.dispatch(ReflectionDispatch.java:24)
	at org.gradle.internal.dispatch.ContextClassLoaderDispatch.dispatch(ContextClassLoaderDispatch.java:33)
	at org.gradle.internal.dispatch.ProxyDispatchAdapter$DispatchingInvocationHandler.invoke(ProxyDispatchAdapter.java:94)
	at jdk.proxy1/jdk.proxy1.$Proxy2.processTestClass(Unknown Source)
	at org.gradle.api.internal.tasks.testing.worker.TestWorker$2.run(TestWorker.java:176)
	at org.gradle.api.internal.tasks.testing.worker.TestWorker.executeAndMaintainThreadName(TestWorker.java:129)
	at org.gradle.api.internal.tasks.testing.worker.TestWorker.execute(TestWorker.java:100)
	at org.gradle.api.internal.tasks.testing.worker.TestWorker.execute(TestWorker.java:60)
	at org.gradle.process.internal.worker.child.ActionExecutionWorker.execute(ActionExecutionWorker.java:56)
	at org.gradle.process.internal.worker.child.SystemApplicationClassLoaderWorker.call(SystemApplicationClassLoaderWorker.java:113)
	at org.gradle.process.internal.worker.child.SystemApplicationClassLoaderWorker.call(SystemApplicationClassLoaderWorker.java:65)
	at worker.org.gradle.process.internal.worker.GradleWorkerMain.run(GradleWorkerMain.java:69)
	at worker.org.gradle.process.internal.worker.GradleWorkerMain.main(GradleWorkerMain.java:74)
</failure>
  </testcase>
  <testcase name="detectTemplate_returnsUnknownForEmpty" classname="com.simple.tvbox.source.GenericHtmlParserTest" time="0.001"/>
  <testcase name="detectTemplate_recognizesRealCanghai" classname="com.simple.tvbox.source.GenericHtmlParserTest" time="0.016"/>
  <testcase name="extractM3u8_returnsNullWhenAbsent" classname="com.simple.tvbox.source.GenericHtmlParserTest" time="0.0"/>
  <testcase name="extractM3u8_prefersThisUrl" classname="com.simple.tvbox.source.GenericHtmlParserTest" time="0.004"/>
  <testcase name="parseEpisodes_anchoredToPlaylistContainer" classname="com.simple.tvbox.source.GenericHtmlParserTest" time="0.013"/>
  <testcase name="parseVideoList_handlesAtypicalAttrOrder" classname="com.simple.tvbox.source.GenericHtmlParserTest" time="0.02"/>
  <testcase name="extractM3u8_emptyThisUrl_fallsBack" classname="com.simple.tvbox.source.GenericHtmlParserTest" time="0.0"/>
  <testcase name="parseEpisodes_fromRealDetail" classname="com.simple.tvbox.source.GenericHtmlParserTest" time="0.001"/>
  <testcase name="extractM3u8_emptyThisUrl_returnsNull" classname="com.simple.tvbox.source.GenericHtmlParserTest" time="0.002"/>
  <testcase name="extractM3u8_fallbackToMp4" classname="com.simple.tvbox.source.GenericHtmlParserTest" time="0.0"/>
  <testcase name="parseVideoList_fromRealList" classname="com.simple.tvbox.source.GenericHtmlParserTest" time="0.007"/>
  <testcase name="parseCategories_fromRealHome" classname="com.simple.tvbox.source.GenericHtmlParserTest" time="0.008"/>
  <testcase name="detectTemplate_recognizesCanghai" classname="com.simple.tvbox.source.GenericHtmlParserTest" time="0.0"/>
  <testcase name="parseCategories_fromRealList_filtersNavText" classname="com.simple.tvbox.source.GenericHtmlParserTest" time="0.001"/>
  <testcase name="extractM3u8_fallbackToAnyM3u8String" classname="com.simple.tvbox.source.GenericHtmlParserTest" time="0.001"/>
  <system-out><![CDATA[emptyThisUrl m3u8: null
]]></system-out>
  <system-err><![CDATA[]]></system-err>
</testsuite>

